<?xml version="1.0" encoding="UTF-8"?>
<!-- Generated by org.testng.reporters.JUnitReportReporter -->
<testsuite hostname="DESKTOP-7EFBDGQ" failures="0" tests="3" name="testNgAnotation.BeforeClassAfterClass" time="4.380" errors="0" timestamp="2024-01-17T19:37:36 IST" skipped="0">
  <testcase classname="testNgAnotation.BeforeClassAfterClass" name="account" time="1.213"/>
  <system-out/>
  <testcase classname="testNgAnotation.BeforeClassAfterClass" name="login" time="1.966"/>
  <system-out/>
  <testcase classname="testNgAnotation.BeforeClassAfterClass" name="createAccount" time="1.201"/>
  <system-out/>
</testsuite> <!-- testNgAnotation.BeforeClassAfterClass -->
