<?xml version="1.0" encoding="UTF-8"?>
<!-- Generated by org.testng.reporters.JUnitReportReporter -->
<testsuite hostname="DESKTOP-7EFBDGQ" failures="0" tests="10" name="testNgAnotation.TestAnnotationDemo2" time="0.020" errors="0" timestamp="2024-01-17T19:37:36 IST" skipped="0">
  <testcase classname="testNgAnotation.TestAnnotationDemo2" name="login" time="0.001"/>
  <system-out/>
  <testcase classname="testNgAnotation.TestAnnotationDemo2" name="login" time="0.002"/>
  <system-out/>
  <testcase classname="testNgAnotation.TestAnnotationDemo2" name="composeEmail" time="0.002"/>
  <system-out/>
  <testcase classname="testNgAnotation.TestAnnotationDemo2" name="composeEmail" time="0.002"/>
  <system-out/>
  <testcase classname="testNgAnotation.TestAnnotationDemo2" name="SearchEmail" time="0.002"/>
  <system-out/>
  <testcase classname="testNgAnotation.TestAnnotationDemo2" name="SearchEmail" time="0.001"/>
  <system-out/>
  <testcase classname="testNgAnotation.TestAnnotationDemo2" name="DeleteEmail" time="0.003"/>
  <system-out/>
  <testcase classname="testNgAnotation.TestAnnotationDemo2" name="DeleteEmail" time="0.002"/>
  <system-out/>
  <testcase classname="testNgAnotation.TestAnnotationDemo2" name="Logout" time="0.001"/>
  <system-out/>
  <testcase classname="testNgAnotation.TestAnnotationDemo2" name="Logout" time="0.004"/>
  <system-out/>
</testsuite> <!-- testNgAnotation.TestAnnotationDemo2 -->
